0 info it worked if it ends with ok
1 verbose cli [ '/usr/local/bin/node', '/usr/local/bin/npm', 'install' ]
2 info using npm@3.10.3
3 info using node@v6.7.0
4 silly loadCurrentTree Starting
5 silly install loadCurrentTree
6 silly install readLocalPackageData
7 silly install normalizeTree
8 silly loadCurrentTree Finishing
9 silly loadIdealTree Starting
10 silly install loadIdealTree
11 silly cloneCurrentTree Starting
12 silly install cloneCurrentTreeToIdealTree
13 silly cloneCurrentTree Finishing
14 silly loadShrinkwrap Starting
15 silly install loadShrinkwrap
16 silly loadShrinkwrap Finishing
17 silly loadAllDepsIntoIdealTree Starting
18 silly install loadAllDepsIntoIdealTree
19 silly fetchNamedPackageData bourbon
20 silly mapToRegistry name bourbon
21 silly mapToRegistry using default registry
22 silly mapToRegistry registry https://registry.npmjs.org/
23 silly mapToRegistry data Result {
23 silly mapToRegistry   raw: 'bourbon',
23 silly mapToRegistry   scope: null,
23 silly mapToRegistry   escapedName: 'bourbon',
23 silly mapToRegistry   name: 'bourbon',
23 silly mapToRegistry   rawSpec: '',
23 silly mapToRegistry   spec: 'latest',
23 silly mapToRegistry   type: 'tag' }
24 silly mapToRegistry uri https://registry.npmjs.org/bourbon
25 silly fetchNamedPackageData grunt
26 silly mapToRegistry name grunt
27 silly mapToRegistry using default registry
28 silly mapToRegistry registry https://registry.npmjs.org/
29 silly mapToRegistry data Result {
29 silly mapToRegistry   raw: 'grunt',
29 silly mapToRegistry   scope: null,
29 silly mapToRegistry   escapedName: 'grunt',
29 silly mapToRegistry   name: 'grunt',
29 silly mapToRegistry   rawSpec: '',
29 silly mapToRegistry   spec: 'latest',
29 silly mapToRegistry   type: 'tag' }
30 silly mapToRegistry uri https://registry.npmjs.org/grunt
31 silly fetchNamedPackageData jit-grunt
32 silly mapToRegistry name jit-grunt
33 silly mapToRegistry using default registry
34 silly mapToRegistry registry https://registry.npmjs.org/
35 silly mapToRegistry data Result {
35 silly mapToRegistry   raw: 'jit-grunt',
35 silly mapToRegistry   scope: null,
35 silly mapToRegistry   escapedName: 'jit-grunt',
35 silly mapToRegistry   name: 'jit-grunt',
35 silly mapToRegistry   rawSpec: '',
35 silly mapToRegistry   spec: 'latest',
35 silly mapToRegistry   type: 'tag' }
36 silly mapToRegistry uri https://registry.npmjs.org/jit-grunt
37 silly fetchNamedPackageData load-grunt-config
38 silly mapToRegistry name load-grunt-config
39 silly mapToRegistry using default registry
40 silly mapToRegistry registry https://registry.npmjs.org/
41 silly mapToRegistry data Result {
41 silly mapToRegistry   raw: 'load-grunt-config',
41 silly mapToRegistry   scope: null,
41 silly mapToRegistry   escapedName: 'load-grunt-config',
41 silly mapToRegistry   name: 'load-grunt-config',
41 silly mapToRegistry   rawSpec: '',
41 silly mapToRegistry   spec: 'latest',
41 silly mapToRegistry   type: 'tag' }
42 silly mapToRegistry uri https://registry.npmjs.org/load-grunt-config
43 silly fetchOtherPackageData nytpi-sass-utils@github:nytpi/nytpi-sass-utils#development
44 silly cache add args [ 'nytpi-sass-utils@github:nytpi/nytpi-sass-utils#development',
44 silly cache add   null ]
45 verbose cache add spec nytpi-sass-utils@github:nytpi/nytpi-sass-utils#development
46 silly fetchOtherPackageData scaffolding@github:nytpi/scaffolding#v3.7.12
47 silly cache add args [ 'scaffolding@github:nytpi/scaffolding#v3.7.12', null ]
48 verbose cache add spec scaffolding@github:nytpi/scaffolding#v3.7.12
49 silly cache add parsed spec Result {
49 silly cache add   raw: 'nytpi-sass-utils@github:nytpi/nytpi-sass-utils#development',
49 silly cache add   scope: null,
49 silly cache add   escapedName: 'nytpi-sass-utils',
49 silly cache add   name: 'nytpi-sass-utils',
49 silly cache add   rawSpec: 'github:nytpi/nytpi-sass-utils#development',
49 silly cache add   spec: 'github:nytpi/nytpi-sass-utils#development',
49 silly cache add   type: 'hosted',
49 silly cache add   hosted:
49 silly cache add    { type: 'github',
49 silly cache add      ssh: 'git@github.com:nytpi/nytpi-sass-utils.git#development',
49 silly cache add      sshUrl: 'git+ssh://git@github.com/nytpi/nytpi-sass-utils.git#development',
49 silly cache add      httpsUrl: 'git+https://github.com/nytpi/nytpi-sass-utils.git#development',
49 silly cache add      gitUrl: 'git://github.com/nytpi/nytpi-sass-utils.git#development',
49 silly cache add      shortcut: 'github:nytpi/nytpi-sass-utils#development',
49 silly cache add      directUrl: 'https://raw.githubusercontent.com/nytpi/nytpi-sass-utils/development/package.json' } }
50 verbose addRemoteGit caching github:nytpi/nytpi-sass-utils#development
51 verbose addRemoteGit nytpi/nytpi-sass-utils#development is a repository hosted by github
52 silly tryGitProto attempting to clone git://github.com/nytpi/nytpi-sass-utils.git#development
53 silly tryClone cloning nytpi/nytpi-sass-utils#development via git://github.com/nytpi/nytpi-sass-utils.git#development
54 verbose tryClone git-github-com-nytpi-nytpi-sass-utils-git-development-bfc21509 not in flight; caching
55 verbose correctMkdir /Users/kd_jiang/.npm/_git-remotes correctMkdir not in flight; initializing
56 silly cache add parsed spec Result {
56 silly cache add   raw: 'scaffolding@github:nytpi/scaffolding#v3.7.12',
56 silly cache add   scope: null,
56 silly cache add   escapedName: 'scaffolding',
56 silly cache add   name: 'scaffolding',
56 silly cache add   rawSpec: 'github:nytpi/scaffolding#v3.7.12',
56 silly cache add   spec: 'github:nytpi/scaffolding#v3.7.12',
56 silly cache add   type: 'hosted',
56 silly cache add   hosted:
56 silly cache add    { type: 'github',
56 silly cache add      ssh: 'git@github.com:nytpi/scaffolding.git#v3.7.12',
56 silly cache add      sshUrl: 'git+ssh://git@github.com/nytpi/scaffolding.git#v3.7.12',
56 silly cache add      httpsUrl: 'git+https://github.com/nytpi/scaffolding.git#v3.7.12',
56 silly cache add      gitUrl: 'git://github.com/nytpi/scaffolding.git#v3.7.12',
56 silly cache add      shortcut: 'github:nytpi/scaffolding#v3.7.12',
56 silly cache add      directUrl: 'https://raw.githubusercontent.com/nytpi/scaffolding/v3.7.12/package.json' } }
57 verbose addRemoteGit caching github:nytpi/scaffolding#v3.7.12
58 verbose addRemoteGit nytpi/scaffolding#v3.7.12 is a repository hosted by github
59 silly tryGitProto attempting to clone git://github.com/nytpi/scaffolding.git#v3.7.12
60 silly tryClone cloning nytpi/scaffolding#v3.7.12 via git://github.com/nytpi/scaffolding.git#v3.7.12
61 verbose tryClone git-github-com-nytpi-scaffolding-git-v3-7-12-021ad123 not in flight; caching
62 verbose correctMkdir /Users/kd_jiang/.npm/_git-remotes correctMkdir already in flight; waiting
63 verbose request uri https://registry.npmjs.org/jit-grunt
64 verbose request no auth needed
65 info attempt registry request try #1 at 10:07:56
66 verbose request id fe1b094d22fa9fea
67 verbose etag W/"580ff507-801d"
68 verbose lastModified Wed, 26 Oct 2016 00:12:55 GMT
69 http request GET https://registry.npmjs.org/jit-grunt
70 verbose request uri https://registry.npmjs.org/bourbon
71 verbose request no auth needed
72 info attempt registry request try #1 at 10:07:56
73 verbose etag W/"58b020f9-709f"
74 verbose lastModified Fri, 24 Feb 2017 12:03:05 GMT
75 http request GET https://registry.npmjs.org/bourbon
76 verbose request uri https://registry.npmjs.org/load-grunt-config
77 verbose request no auth needed
78 info attempt registry request try #1 at 10:07:56
79 verbose etag W/"5821b9eb-c90a"
80 verbose lastModified Tue, 08 Nov 2016 11:41:31 GMT
81 http request GET https://registry.npmjs.org/load-grunt-config
82 verbose request uri https://registry.npmjs.org/grunt
83 verbose request no auth needed
84 info attempt registry request try #1 at 10:07:56
85 verbose etag W/"58c248c6-189d4"
86 verbose lastModified Fri, 10 Mar 2017 06:33:42 GMT
87 http request GET https://registry.npmjs.org/grunt
88 info git [ 'config', '--get', 'remote.origin.url' ]
89 info git [ 'clone',
89 info git   '--template=/Users/kd_jiang/.npm/_git-remotes/_templates',
89 info git   '--mirror',
89 info git   'git://github.com/nytpi/scaffolding.git',
89 info git   '/Users/kd_jiang/.npm/_git-remotes/git-github-com-nytpi-scaffolding-git-v3-7-12-021ad123' ]
90 silly validateExistingRemote nytpi/nytpi-sass-utils#development remote.origin.url: git://github.com/nytpi/nytpi-sass-utils.git
91 verbose validateExistingRemote nytpi/nytpi-sass-utils#development is updating existing cached remote /Users/kd_jiang/.npm/_git-remotes/git-github-com-nytpi-nytpi-sass-utils-git-development-bfc21509
92 info git [ 'fetch', '-a', 'origin' ]
93 http 304 https://registry.npmjs.org/jit-grunt
94 verbose headers { date: 'Mon, 13 Mar 2017 02:07:54 GMT',
94 verbose headers   via: '1.1 varnish',
94 verbose headers   'cache-control': 'max-age=300',
94 verbose headers   etag: 'W/"580ff507-801d"',
94 verbose headers   age: '109',
94 verbose headers   connection: 'keep-alive',
94 verbose headers   'x-served-by': 'cache-nrt6131-NRT',
94 verbose headers   'x-cache': 'HIT',
94 verbose headers   'x-cache-hits': '2',
94 verbose headers   'x-timer': 'S1489370874.730941,VS0,VE0',
94 verbose headers   vary: 'Accept-Encoding' }
95 silly get cb [ 304,
95 silly get   { date: 'Mon, 13 Mar 2017 02:07:54 GMT',
95 silly get     via: '1.1 varnish',
95 silly get     'cache-control': 'max-age=300',
95 silly get     etag: 'W/"580ff507-801d"',
95 silly get     age: '109',
95 silly get     connection: 'keep-alive',
95 silly get     'x-served-by': 'cache-nrt6131-NRT',
95 silly get     'x-cache': 'HIT',
95 silly get     'x-cache-hits': '2',
95 silly get     'x-timer': 'S1489370874.730941,VS0,VE0',
95 silly get     vary: 'Accept-Encoding' } ]
96 verbose etag https://registry.npmjs.org/jit-grunt from cache
97 verbose get saving jit-grunt to /Users/kd_jiang/.npm/registry.npmjs.org/jit-grunt/.cache.json
98 verbose correctMkdir /Users/kd_jiang/.npm correctMkdir not in flight; initializing
99 silly resolveWithNewModule jit-grunt@0.10.0 checking installable status
100 silly cache add args [ 'jit-grunt@^0.10.0', null ]
101 verbose cache add spec jit-grunt@^0.10.0
102 silly cache add parsed spec Result {
102 silly cache add   raw: 'jit-grunt@^0.10.0',
102 silly cache add   scope: null,
102 silly cache add   escapedName: 'jit-grunt',
102 silly cache add   name: 'jit-grunt',
102 silly cache add   rawSpec: '^0.10.0',
102 silly cache add   spec: '>=0.10.0 <0.11.0',
102 silly cache add   type: 'range' }
103 silly addNamed jit-grunt@>=0.10.0 <0.11.0
104 verbose addNamed ">=0.10.0 <0.11.0" is a valid semver range for jit-grunt
105 silly addNameRange { name: 'jit-grunt', range: '>=0.10.0 <0.11.0', hasData: false }
106 silly mapToRegistry name jit-grunt
107 silly mapToRegistry using default registry
108 silly mapToRegistry registry https://registry.npmjs.org/
109 silly mapToRegistry data Result {
109 silly mapToRegistry   raw: 'jit-grunt',
109 silly mapToRegistry   scope: null,
109 silly mapToRegistry   escapedName: 'jit-grunt',
109 silly mapToRegistry   name: 'jit-grunt',
109 silly mapToRegistry   rawSpec: '',
109 silly mapToRegistry   spec: 'latest',
109 silly mapToRegistry   type: 'tag' }
110 silly mapToRegistry uri https://registry.npmjs.org/jit-grunt
111 verbose addNameRange registry:https://registry.npmjs.org/jit-grunt not in flight; fetching
112 verbose get https://registry.npmjs.org/jit-grunt not expired, no request
113 silly addNameRange number 2 { name: 'jit-grunt', range: '>=0.10.0 <0.11.0', hasData: true }
114 silly addNameRange versions [ 'jit-grunt',
114 silly addNameRange   [ '0.0.1',
114 silly addNameRange     '0.1.0',
114 silly addNameRange     '0.1.1',
114 silly addNameRange     '0.1.2',
114 silly addNameRange     '0.2.0',
114 silly addNameRange     '0.2.1',
114 silly addNameRange     '0.2.2',
114 silly addNameRange     '0.2.3',
114 silly addNameRange     '0.3.0',
114 silly addNameRange     '0.3.1',
114 silly addNameRange     '0.3.2',
114 silly addNameRange     '0.4.0',
114 silly addNameRange     '0.4.1',
114 silly addNameRange     '0.4.2',
114 silly addNameRange     '0.5.0',
114 silly addNameRange     '0.6.0',
114 silly addNameRange     '0.7.0',
114 silly addNameRange     '0.7.1',
114 silly addNameRange     '0.8.0',
114 silly addNameRange     '0.9.0',
114 silly addNameRange     '0.9.1',
114 silly addNameRange     '0.10.0' ] ]
115 silly addNamed jit-grunt@0.10.0
116 verbose addNamed "0.10.0" is a plain semver version for jit-grunt
117 silly cache afterAdd jit-grunt@0.10.0
118 verbose afterAdd /Users/kd_jiang/.npm/jit-grunt/0.10.0/package/package.json not in flight; writing
119 verbose correctMkdir /Users/kd_jiang/.npm correctMkdir not in flight; initializing
120 verbose afterAdd /Users/kd_jiang/.npm/jit-grunt/0.10.0/package/package.json written
121 http 304 https://registry.npmjs.org/bourbon
122 verbose headers { date: 'Mon, 13 Mar 2017 02:07:54 GMT',
122 verbose headers   via: '1.1 varnish',
122 verbose headers   'cache-control': 'max-age=300',
122 verbose headers   etag: 'W/"58b020f9-709f"',
122 verbose headers   age: '0',
122 verbose headers   connection: 'keep-alive',
122 verbose headers   'x-served-by': 'cache-nrt6124-NRT',
122 verbose headers   'x-cache': 'HIT',
122 verbose headers   'x-cache-hits': '1',
122 verbose headers   'x-timer': 'S1489370874.816246,VS0,VE132',
122 verbose headers   vary: 'Accept-Encoding' }
123 silly get cb [ 304,
123 silly get   { date: 'Mon, 13 Mar 2017 02:07:54 GMT',
123 silly get     via: '1.1 varnish',
123 silly get     'cache-control': 'max-age=300',
123 silly get     etag: 'W/"58b020f9-709f"',
123 silly get     age: '0',
123 silly get     connection: 'keep-alive',
123 silly get     'x-served-by': 'cache-nrt6124-NRT',
123 silly get     'x-cache': 'HIT',
123 silly get     'x-cache-hits': '1',
123 silly get     'x-timer': 'S1489370874.816246,VS0,VE132',
123 silly get     vary: 'Accept-Encoding' } ]
124 verbose etag https://registry.npmjs.org/bourbon from cache
125 verbose get saving bourbon to /Users/kd_jiang/.npm/registry.npmjs.org/bourbon/.cache.json
126 verbose correctMkdir /Users/kd_jiang/.npm correctMkdir not in flight; initializing
127 http 304 https://registry.npmjs.org/load-grunt-config
128 verbose headers { date: 'Mon, 13 Mar 2017 02:07:54 GMT',
128 verbose headers   via: '1.1 varnish',
128 verbose headers   'cache-control': 'max-age=300',
128 verbose headers   etag: 'W/"5821b9eb-c90a"',
128 verbose headers   age: '0',
128 verbose headers   connection: 'keep-alive',
128 verbose headers   'x-served-by': 'cache-nrt6132-NRT',
128 verbose headers   'x-cache': 'HIT',
128 verbose headers   'x-cache-hits': '1',
128 verbose headers   'x-timer': 'S1489370874.814935,VS0,VE137',
128 verbose headers   vary: 'Accept-Encoding' }
129 silly get cb [ 304,
129 silly get   { date: 'Mon, 13 Mar 2017 02:07:54 GMT',
129 silly get     via: '1.1 varnish',
129 silly get     'cache-control': 'max-age=300',
129 silly get     etag: 'W/"5821b9eb-c90a"',
129 silly get     age: '0',
129 silly get     connection: 'keep-alive',
129 silly get     'x-served-by': 'cache-nrt6132-NRT',
129 silly get     'x-cache': 'HIT',
129 silly get     'x-cache-hits': '1',
129 silly get     'x-timer': 'S1489370874.814935,VS0,VE137',
129 silly get     vary: 'Accept-Encoding' } ]
130 verbose etag https://registry.npmjs.org/load-grunt-config from cache
131 verbose get saving load-grunt-config to /Users/kd_jiang/.npm/registry.npmjs.org/load-grunt-config/.cache.json
132 verbose correctMkdir /Users/kd_jiang/.npm correctMkdir not in flight; initializing
133 silly resolveWithNewModule load-grunt-config@0.19.2 checking installable status
134 silly cache add args [ 'load-grunt-config@^0.19.1', null ]
135 verbose cache add spec load-grunt-config@^0.19.1
136 silly cache add parsed spec Result {
136 silly cache add   raw: 'load-grunt-config@^0.19.1',
136 silly cache add   scope: null,
136 silly cache add   escapedName: 'load-grunt-config',
136 silly cache add   name: 'load-grunt-config',
136 silly cache add   rawSpec: '^0.19.1',
136 silly cache add   spec: '>=0.19.1 <0.20.0',
136 silly cache add   type: 'range' }
137 silly addNamed load-grunt-config@>=0.19.1 <0.20.0
138 verbose addNamed ">=0.19.1 <0.20.0" is a valid semver range for load-grunt-config
139 silly addNameRange { name: 'load-grunt-config',
139 silly addNameRange   range: '>=0.19.1 <0.20.0',
139 silly addNameRange   hasData: false }
140 silly mapToRegistry name load-grunt-config
141 silly mapToRegistry using default registry
142 silly mapToRegistry registry https://registry.npmjs.org/
143 silly mapToRegistry data Result {
143 silly mapToRegistry   raw: 'load-grunt-config',
143 silly mapToRegistry   scope: null,
143 silly mapToRegistry   escapedName: 'load-grunt-config',
143 silly mapToRegistry   name: 'load-grunt-config',
143 silly mapToRegistry   rawSpec: '',
143 silly mapToRegistry   spec: 'latest',
143 silly mapToRegistry   type: 'tag' }
144 silly mapToRegistry uri https://registry.npmjs.org/load-grunt-config
145 verbose addNameRange registry:https://registry.npmjs.org/load-grunt-config not in flight; fetching
146 silly resolveWithNewModule bourbon@4.3.3 checking installable status
147 silly cache add args [ 'bourbon@*', null ]
148 verbose cache add spec bourbon@*
149 silly cache add parsed spec Result {
149 silly cache add   raw: 'bourbon@*',
149 silly cache add   scope: null,
149 silly cache add   escapedName: 'bourbon',
149 silly cache add   name: 'bourbon',
149 silly cache add   rawSpec: '*',
149 silly cache add   spec: '*',
149 silly cache add   type: 'range' }
150 silly addNamed bourbon@*
151 verbose addNamed "*" is a valid semver range for bourbon
152 silly addNameRange { name: 'bourbon', range: '*', hasData: false }
153 silly mapToRegistry name bourbon
154 silly mapToRegistry using default registry
155 silly mapToRegistry registry https://registry.npmjs.org/
156 silly mapToRegistry data Result {
156 silly mapToRegistry   raw: 'bourbon',
156 silly mapToRegistry   scope: null,
156 silly mapToRegistry   escapedName: 'bourbon',
156 silly mapToRegistry   name: 'bourbon',
156 silly mapToRegistry   rawSpec: '',
156 silly mapToRegistry   spec: 'latest',
156 silly mapToRegistry   type: 'tag' }
157 silly mapToRegistry uri https://registry.npmjs.org/bourbon
158 verbose addNameRange registry:https://registry.npmjs.org/bourbon not in flight; fetching
159 verbose get https://registry.npmjs.org/load-grunt-config not expired, no request
160 silly addNameRange number 2 { name: 'load-grunt-config',
160 silly addNameRange   range: '>=0.19.1 <0.20.0',
160 silly addNameRange   hasData: true }
161 silly addNameRange versions [ 'load-grunt-config',
161 silly addNameRange   [ '0.3.0',
161 silly addNameRange     '0.3.1',
161 silly addNameRange     '0.4.0',
161 silly addNameRange     '0.4.1',
161 silly addNameRange     '0.5.0',
161 silly addNameRange     '0.6.0',
161 silly addNameRange     '0.6.1',
161 silly addNameRange     '0.7.0',
161 silly addNameRange     '0.7.1',
161 silly addNameRange     '0.7.2',
161 silly addNameRange     '0.8.0-beta.1',
161 silly addNameRange     '0.8.0-beta.2',
161 silly addNameRange     '0.8.0',
161 silly addNameRange     '0.9.0',
161 silly addNameRange     '0.9.1',
161 silly addNameRange     '0.9.2',
161 silly addNameRange     '0.10.0-beta.1',
161 silly addNameRange     '0.10.0',
161 silly addNameRange     '0.11.0',
161 silly addNameRange     '0.12.0',
161 silly addNameRange     '0.13.0',
161 silly addNameRange     '0.13.1',
161 silly addNameRange     '0.13.2',
161 silly addNameRange     '0.14.0',
161 silly addNameRange     '0.15.0',
161 silly addNameRange     '0.16.0',
161 silly addNameRange     '0.17.0',
161 silly addNameRange     '0.17.1',
161 silly addNameRange     '0.17.2',
161 silly addNameRange     '0.18.0',
161 silly addNameRange     '0.19.0',
161 silly addNameRange     '0.19.1',
161 silly addNameRange     '0.19.2' ] ]
162 silly addNamed load-grunt-config@0.19.2
163 verbose addNamed "0.19.2" is a plain semver version for load-grunt-config
164 verbose get https://registry.npmjs.org/bourbon not expired, no request
165 silly addNameRange number 2 { name: 'bourbon', range: '*', hasData: true }
166 silly addNameRange versions [ 'bourbon',
166 silly addNameRange   [ '4.1.1',
166 silly addNameRange     '4.2.0-pre',
166 silly addNameRange     '4.2.0-beta',
166 silly addNameRange     '4.2.0',
166 silly addNameRange     '4.2.1',
166 silly addNameRange     '4.2.2',
166 silly addNameRange     '4.2.3',
166 silly addNameRange     '4.2.4',
166 silly addNameRange     '4.2.5',
166 silly addNameRange     '4.2.6',
166 silly addNameRange     '5.0.0-beta.4',
166 silly addNameRange     '5.0.0-beta.5',
166 silly addNameRange     '4.2.7',
166 silly addNameRange     '5.0.0-beta.6',
166 silly addNameRange     '5.0.0-beta.7',
166 silly addNameRange     '4.3.0',
166 silly addNameRange     '4.3.1',
166 silly addNameRange     '4.3.2',
166 silly addNameRange     '4.3.3' ] ]
167 silly addNamed bourbon@4.3.3
168 verbose addNamed "4.3.3" is a plain semver version for bourbon
169 silly cache afterAdd load-grunt-config@0.19.2
170 verbose afterAdd /Users/kd_jiang/.npm/load-grunt-config/0.19.2/package/package.json not in flight; writing
171 verbose correctMkdir /Users/kd_jiang/.npm correctMkdir not in flight; initializing
172 silly cache afterAdd bourbon@4.3.3
173 verbose afterAdd /Users/kd_jiang/.npm/bourbon/4.3.3/package/package.json not in flight; writing
174 verbose correctMkdir /Users/kd_jiang/.npm correctMkdir not in flight; initializing
175 verbose afterAdd /Users/kd_jiang/.npm/bourbon/4.3.3/package/package.json written
176 verbose afterAdd /Users/kd_jiang/.npm/load-grunt-config/0.19.2/package/package.json written
177 verbose updateRemote git fetch -a origin (git://github.com/nytpi/nytpi-sass-utils.git)
178 verbose correctMkdir /Users/kd_jiang/.npm/_git-remotes correctMkdir not in flight; initializing
179 verbose setPermissions nytpi/nytpi-sass-utils#development set permissions on /Users/kd_jiang/.npm/_git-remotes/git-github-com-nytpi-nytpi-sass-utils-git-development-bfc21509
180 verbose resolveHead nytpi/nytpi-sass-utils#development original treeish: development
181 info git [ 'rev-list', '-n1', 'development' ]
182 silly resolveHead nytpi/nytpi-sass-utils#development resolved treeish: 21a6bd80fb65d47d81bf44101860d21e4e0046b2
183 verbose resolveHead nytpi/nytpi-sass-utils#development resolved Git URL: git://github.com/nytpi/nytpi-sass-utils.git#21a6bd80fb65d47d81bf44101860d21e4e0046b2
184 silly resolveHead Git working directory: /var/folders/xv/t8yw8rxd4sb9t9lhzjjjfsr40000gp/T/npm-2123-b6755080/git-cache-2c6b9034/21a6bd80fb65d47d81bf44101860d21e4e0046b2
185 info git [ 'clone',
185 info git   '/Users/kd_jiang/.npm/_git-remotes/git-github-com-nytpi-nytpi-sass-utils-git-development-bfc21509',
185 info git   '/var/folders/xv/t8yw8rxd4sb9t9lhzjjjfsr40000gp/T/npm-2123-b6755080/git-cache-2c6b9034/21a6bd80fb65d47d81bf44101860d21e4e0046b2' ]
186 verbose cloneResolved nytpi/nytpi-sass-utils#development clone Cloning into '/var/folders/xv/t8yw8rxd4sb9t9lhzjjjfsr40000gp/T/npm-2123-b6755080/git-cache-2c6b9034/21a6bd80fb65d47d81bf44101860d21e4e0046b2'...
186 verbose cloneResolved done.
187 info git [ 'checkout', '21a6bd80fb65d47d81bf44101860d21e4e0046b2' ]
188 verbose checkoutTreeish nytpi/nytpi-sass-utils#development checkout Note: checking out '21a6bd80fb65d47d81bf44101860d21e4e0046b2'.
188 verbose checkoutTreeish
188 verbose checkoutTreeish You are in 'detached HEAD' state. You can look around, make experimental
188 verbose checkoutTreeish changes and commit them, and you can discard any commits you make in this
188 verbose checkoutTreeish state without impacting any branches by performing another checkout.
188 verbose checkoutTreeish
188 verbose checkoutTreeish If you want to create a new branch to retain commits you create, you may
188 verbose checkoutTreeish do so (now or later) by using -b with the checkout command again. Example:
188 verbose checkoutTreeish
188 verbose checkoutTreeish   git checkout -b <new-branch-name>
188 verbose checkoutTreeish
188 verbose checkoutTreeish HEAD is now at 21a6bd8... Chang package.json version to 2.3.0
189 info git [ 'submodule', '-q', 'update', '--init', '--recursive' ]
190 verbose updateSubmodules nytpi/nytpi-sass-utils#development submodule update
191 verbose addLocalDirectory /Users/kd_jiang/.npm/nytpi-sass-utils/2.3.0/package.tgz not in flight; packing
192 verbose correctMkdir /Users/kd_jiang/.npm correctMkdir not in flight; initializing
193 verbose tar pack [ '/Users/kd_jiang/.npm/nytpi-sass-utils/2.3.0/package.tgz',
193 verbose tar pack   '/var/folders/xv/t8yw8rxd4sb9t9lhzjjjfsr40000gp/T/npm-2123-b6755080/git-cache-2c6b9034/21a6bd80fb65d47d81bf44101860d21e4e0046b2' ]
194 verbose tarball /Users/kd_jiang/.npm/nytpi-sass-utils/2.3.0/package.tgz
195 verbose folder /var/folders/xv/t8yw8rxd4sb9t9lhzjjjfsr40000gp/T/npm-2123-b6755080/git-cache-2c6b9034/21a6bd80fb65d47d81bf44101860d21e4e0046b2
196 verbose addLocalTarball adding from inside cache /Users/kd_jiang/.npm/nytpi-sass-utils/2.3.0/package.tgz
197 verbose correctMkdir /Users/kd_jiang/.npm correctMkdir not in flight; initializing
198 verbose addRemoteGit data._from: nytpi/nytpi-sass-utils#development
199 verbose addRemoteGit data._resolved: git://github.com/nytpi/nytpi-sass-utils.git#21a6bd80fb65d47d81bf44101860d21e4e0046b2
200 silly cache afterAdd nytpi-sass-utils@2.3.0
201 verbose afterAdd /Users/kd_jiang/.npm/nytpi-sass-utils/2.3.0/package/package.json not in flight; writing
202 verbose correctMkdir /Users/kd_jiang/.npm correctMkdir not in flight; initializing
203 verbose afterAdd /Users/kd_jiang/.npm/nytpi-sass-utils/2.3.0/package/package.json written
204 silly resolveWithNewModule nytpi-sass-utils@2.3.0 checking installable status
205 http 304 https://registry.npmjs.org/grunt
206 verbose headers { date: 'Mon, 13 Mar 2017 02:07:55 GMT',
206 verbose headers   via: '1.1 varnish',
206 verbose headers   'cache-control': 'max-age=300',
206 verbose headers   etag: 'W/"58c248c6-189d4"',
206 verbose headers   age: '0',
206 verbose headers   connection: 'keep-alive',
206 verbose headers   'x-served-by': 'cache-nrt6123-NRT',
206 verbose headers   'x-cache': 'HIT',
206 verbose headers   'x-cache-hits': '1',
206 verbose headers   'x-timer': 'S1489370875.176152,VS0,VE552',
206 verbose headers   vary: 'Accept-Encoding' }
207 silly get cb [ 304,
207 silly get   { date: 'Mon, 13 Mar 2017 02:07:55 GMT',
207 silly get     via: '1.1 varnish',
207 silly get     'cache-control': 'max-age=300',
207 silly get     etag: 'W/"58c248c6-189d4"',
207 silly get     age: '0',
207 silly get     connection: 'keep-alive',
207 silly get     'x-served-by': 'cache-nrt6123-NRT',
207 silly get     'x-cache': 'HIT',
207 silly get     'x-cache-hits': '1',
207 silly get     'x-timer': 'S1489370875.176152,VS0,VE552',
207 silly get     vary: 'Accept-Encoding' } ]
208 verbose etag https://registry.npmjs.org/grunt from cache
209 verbose get saving grunt to /Users/kd_jiang/.npm/registry.npmjs.org/grunt/.cache.json
210 verbose correctMkdir /Users/kd_jiang/.npm correctMkdir not in flight; initializing
211 silly resolveWithNewModule grunt@0.4.5 checking installable status
212 silly cache add args [ 'grunt@^0.4.5', null ]
213 verbose cache add spec grunt@^0.4.5
214 silly cache add parsed spec Result {
214 silly cache add   raw: 'grunt@^0.4.5',
214 silly cache add   scope: null,
214 silly cache add   escapedName: 'grunt',
214 silly cache add   name: 'grunt',
214 silly cache add   rawSpec: '^0.4.5',
214 silly cache add   spec: '>=0.4.5 <0.5.0',
214 silly cache add   type: 'range' }
215 silly addNamed grunt@>=0.4.5 <0.5.0
216 verbose addNamed ">=0.4.5 <0.5.0" is a valid semver range for grunt
217 silly addNameRange { name: 'grunt', range: '>=0.4.5 <0.5.0', hasData: false }
218 silly mapToRegistry name grunt
219 silly mapToRegistry using default registry
220 silly mapToRegistry registry https://registry.npmjs.org/
221 silly mapToRegistry data Result {
221 silly mapToRegistry   raw: 'grunt',
221 silly mapToRegistry   scope: null,
221 silly mapToRegistry   escapedName: 'grunt',
221 silly mapToRegistry   name: 'grunt',
221 silly mapToRegistry   rawSpec: '',
221 silly mapToRegistry   spec: 'latest',
221 silly mapToRegistry   type: 'tag' }
222 silly mapToRegistry uri https://registry.npmjs.org/grunt
223 verbose addNameRange registry:https://registry.npmjs.org/grunt not in flight; fetching
224 verbose get https://registry.npmjs.org/grunt not expired, no request
225 silly addNameRange number 2 { name: 'grunt', range: '>=0.4.5 <0.5.0', hasData: true }
226 silly addNameRange versions [ 'grunt',
226 silly addNameRange   [ '0.1.0',
226 silly addNameRange     '0.1.1',
226 silly addNameRange     '0.1.2',
226 silly addNameRange     '0.2.0',
226 silly addNameRange     '0.2.1',
226 silly addNameRange     '0.2.2',
226 silly addNameRange     '0.2.3',
226 silly addNameRange     '0.2.4',
226 silly addNameRange     '0.2.5',
226 silly addNameRange     '0.2.6',
226 silly addNameRange     '0.2.7',
226 silly addNameRange     '0.2.8',
226 silly addNameRange     '0.2.9',
226 silly addNameRange     '0.2.10',
226 silly addNameRange     '0.2.11',
226 silly addNameRange     '0.2.12',
226 silly addNameRange     '0.2.13',
226 silly addNameRange     '0.2.14',
226 silly addNameRange     '0.2.15',
226 silly addNameRange     '0.3.0',
226 silly addNameRange     '0.3.1',
226 silly addNameRange     '0.3.2',
226 silly addNameRange     '0.3.3',
226 silly addNameRange     '0.3.4',
226 silly addNameRange     '0.3.5',
226 silly addNameRange     '0.3.6',
226 silly addNameRange     '0.3.7',
226 silly addNameRange     '0.3.8',
226 silly addNameRange     '0.3.9',
226 silly addNameRange     '0.3.10',
226 silly addNameRange     '0.3.11',
226 silly addNameRange     '0.3.12',
226 silly addNameRange     '0.3.13',
226 silly addNameRange     '0.3.14',
226 silly addNameRange     '0.3.15',
226 silly addNameRange     '0.3.16',
226 silly addNameRange     '0.3.17',
226 silly addNameRange     '0.4.0',
226 silly addNameRange     '0.4.1',
226 silly addNameRange     '0.4.2',
226 silly addNameRange     '0.4.3',
226 silly addNameRange     '0.4.4',
226 silly addNameRange     '0.4.5',
226 silly addNameRange     '1.0.0-rc1',
226 silly addNameRange     '1.0.0',
226 silly addNameRange     '1.0.1',
226 silly addNameRange     '0.3.13-a',
226 silly addNameRange     '0.4.0-a',
226 silly addNameRange     '0.4.0-rc1',
226 silly addNameRange     '0.4.0-rc2',
226 silly addNameRange     '0.4.0-rc3',
226 silly addNameRange     '0.4.0-rc4',
226 silly addNameRange     '0.4.0-rc5',
226 silly addNameRange     '0.4.0-rc6',
226 silly addNameRange     '0.4.0-rc7',
226 silly addNameRange     '0.4.0-rc8' ] ]
227 silly addNamed grunt@0.4.5
228 verbose addNamed "0.4.5" is a plain semver version for grunt
229 silly cache afterAdd grunt@0.4.5
230 verbose afterAdd /Users/kd_jiang/.npm/grunt/0.4.5/package/package.json not in flight; writing
231 verbose correctMkdir /Users/kd_jiang/.npm correctMkdir not in flight; initializing
232 verbose afterAdd /Users/kd_jiang/.npm/grunt/0.4.5/package/package.json written
233 verbose git clone --template=/Users/kd_jiang/.npm/_git-remotes/_templates --mirror git://github.com/nytpi/scaffolding.git /Users/kd_jiang/.npm/_git-remotes/git-github-com-nytpi-scaffolding-git-v3-7-12-021ad123: Cloning into bare repository '/Users/kd_jiang/.npm/_git-remotes/git-github-com-nytpi-scaffolding-git-v3-7-12-021ad123'...
233 verbose git clone --template=/Users/kd_jiang/.npm/_git-remotes/_templates --mirror git://github.com/nytpi/scaffolding.git /Users/kd_jiang/.npm/_git-remotes/git-github-com-nytpi-scaffolding-git-v3-7-12-021ad123: fatal: remote error:
233 verbose git clone --template=/Users/kd_jiang/.npm/_git-remotes/_templates --mirror git://github.com/nytpi/scaffolding.git /Users/kd_jiang/.npm/_git-remotes/git-github-com-nytpi-scaffolding-git-v3-7-12-021ad123:   Repository not found.
234 silly tryHTTPS attempting to clone git+https://github.com/nytpi/scaffolding.git#v3.7.12
235 silly tryClone cloning nytpi/scaffolding#v3.7.12 via git+https://github.com/nytpi/scaffolding.git#v3.7.12
236 verbose tryClone git-https-github-com-nytpi-scaffolding-git-v3-7-12-c22391df not in flight; caching
237 verbose correctMkdir /Users/kd_jiang/.npm/_git-remotes correctMkdir not in flight; initializing
238 info git [ 'clone',
238 info git   '--template=/Users/kd_jiang/.npm/_git-remotes/_templates',
238 info git   '--mirror',
238 info git   'https://github.com/nytpi/scaffolding.git',
238 info git   '/Users/kd_jiang/.npm/_git-remotes/git-https-github-com-nytpi-scaffolding-git-v3-7-12-c22391df' ]
239 verbose git clone --template=/Users/kd_jiang/.npm/_git-remotes/_templates --mirror https://github.com/nytpi/scaffolding.git /Users/kd_jiang/.npm/_git-remotes/git-https-github-com-nytpi-scaffolding-git-v3-7-12-c22391df: Cloning into bare repository '/Users/kd_jiang/.npm/_git-remotes/git-https-github-com-nytpi-scaffolding-git-v3-7-12-c22391df'...
239 verbose git clone --template=/Users/kd_jiang/.npm/_git-remotes/_templates --mirror https://github.com/nytpi/scaffolding.git /Users/kd_jiang/.npm/_git-remotes/git-https-github-com-nytpi-scaffolding-git-v3-7-12-c22391df: remote: Invalid username or password.
239 verbose git clone --template=/Users/kd_jiang/.npm/_git-remotes/_templates --mirror https://github.com/nytpi/scaffolding.git /Users/kd_jiang/.npm/_git-remotes/git-https-github-com-nytpi-scaffolding-git-v3-7-12-c22391df: fatal: Authentication failed for 'https://github.com/nytpi/scaffolding.git/'
240 silly trySSH attempting to clone git@github.com:nytpi/scaffolding.git#v3.7.12
241 silly tryClone cloning nytpi/scaffolding#v3.7.12 via git@github.com:nytpi/scaffolding.git#v3.7.12
242 verbose tryClone git-github-com-nytpi-scaffolding-git-v3-7-12-55a5ef26 not in flight; caching
243 verbose correctMkdir /Users/kd_jiang/.npm/_git-remotes correctMkdir not in flight; initializing
244 info git [ 'clone',
244 info git   '--template=/Users/kd_jiang/.npm/_git-remotes/_templates',
244 info git   '--mirror',
244 info git   'git@github.com:nytpi/scaffolding.git',
244 info git   '/Users/kd_jiang/.npm/_git-remotes/git-github-com-nytpi-scaffolding-git-v3-7-12-55a5ef26' ]
245 error git clone --template=/Users/kd_jiang/.npm/_git-remotes/_templates --mirror git@github.com:nytpi/scaffolding.git /Users/kd_jiang/.npm/_git-remotes/git-github-com-nytpi-scaffolding-git-v3-7-12-55a5ef26: Cloning into bare repository '/Users/kd_jiang/.npm/_git-remotes/git-github-com-nytpi-scaffolding-git-v3-7-12-55a5ef26'...
245 error git clone --template=/Users/kd_jiang/.npm/_git-remotes/_templates --mirror git@github.com:nytpi/scaffolding.git /Users/kd_jiang/.npm/_git-remotes/git-github-com-nytpi-scaffolding-git-v3-7-12-55a5ef26: Permission denied (publickey).
245 error git clone --template=/Users/kd_jiang/.npm/_git-remotes/_templates --mirror git@github.com:nytpi/scaffolding.git /Users/kd_jiang/.npm/_git-remotes/git-github-com-nytpi-scaffolding-git-v3-7-12-55a5ef26: fatal: Could not read from remote repository.
245 error git clone --template=/Users/kd_jiang/.npm/_git-remotes/_templates --mirror git@github.com:nytpi/scaffolding.git /Users/kd_jiang/.npm/_git-remotes/git-github-com-nytpi-scaffolding-git-v3-7-12-55a5ef26:
245 error git clone --template=/Users/kd_jiang/.npm/_git-remotes/_templates --mirror git@github.com:nytpi/scaffolding.git /Users/kd_jiang/.npm/_git-remotes/git-github-com-nytpi-scaffolding-git-v3-7-12-55a5ef26: Please make sure you have the correct access rights
245 error git clone --template=/Users/kd_jiang/.npm/_git-remotes/_templates --mirror git@github.com:nytpi/scaffolding.git /Users/kd_jiang/.npm/_git-remotes/git-github-com-nytpi-scaffolding-git-v3-7-12-55a5ef26: and the repository exists.
246 silly fetchPackageMetaData Error: Command failed: git clone --template=/Users/kd_jiang/.npm/_git-remotes/_templates --mirror git@github.com:nytpi/scaffolding.git /Users/kd_jiang/.npm/_git-remotes/git-github-com-nytpi-scaffolding-git-v3-7-12-55a5ef26
246 silly fetchPackageMetaData Cloning into bare repository '/Users/kd_jiang/.npm/_git-remotes/git-github-com-nytpi-scaffolding-git-v3-7-12-55a5ef26'...
246 silly fetchPackageMetaData Permission denied (publickey).
246 silly fetchPackageMetaData fatal: Could not read from remote repository.
246 silly fetchPackageMetaData
246 silly fetchPackageMetaData Please make sure you have the correct access rights
246 silly fetchPackageMetaData and the repository exists.
246 silly fetchPackageMetaData
246 silly fetchPackageMetaData     at ChildProcess.exithandler (child_process.js:206:12)
246 silly fetchPackageMetaData     at emitTwo (events.js:106:13)
246 silly fetchPackageMetaData     at ChildProcess.emit (events.js:191:7)
246 silly fetchPackageMetaData     at maybeClose (internal/child_process.js:877:16)
246 silly fetchPackageMetaData     at Socket.<anonymous> (internal/child_process.js:334:11)
246 silly fetchPackageMetaData     at emitOne (events.js:96:13)
246 silly fetchPackageMetaData     at Socket.emit (events.js:188:7)
246 silly fetchPackageMetaData     at Pipe._handle.close [as _onclose] (net.js:493:12)
246 silly fetchPackageMetaData  error for scaffolding@github:nytpi/scaffolding#v3.7.12 { Error: Command failed: git clone --template=/Users/kd_jiang/.npm/_git-remotes/_templates --mirror git@github.com:nytpi/scaffolding.git /Users/kd_jiang/.npm/_git-remotes/git-github-com-nytpi-scaffolding-git-v3-7-12-55a5ef26
246 silly fetchPackageMetaData Cloning into bare repository '/Users/kd_jiang/.npm/_git-remotes/git-github-com-nytpi-scaffolding-git-v3-7-12-55a5ef26'...
246 silly fetchPackageMetaData Permission denied (publickey).
246 silly fetchPackageMetaData fatal: Could not read from remote repository.
246 silly fetchPackageMetaData
246 silly fetchPackageMetaData Please make sure you have the correct access rights
246 silly fetchPackageMetaData and the repository exists.
246 silly fetchPackageMetaData
246 silly fetchPackageMetaData     at ChildProcess.exithandler (child_process.js:206:12)
246 silly fetchPackageMetaData     at emitTwo (events.js:106:13)
246 silly fetchPackageMetaData     at ChildProcess.emit (events.js:191:7)
246 silly fetchPackageMetaData     at maybeClose (internal/child_process.js:877:16)
246 silly fetchPackageMetaData     at Socket.<anonymous> (internal/child_process.js:334:11)
246 silly fetchPackageMetaData     at emitOne (events.js:96:13)
246 silly fetchPackageMetaData     at Socket.emit (events.js:188:7)
246 silly fetchPackageMetaData     at Pipe._handle.close [as _onclose] (net.js:493:12)
246 silly fetchPackageMetaData   killed: false,
246 silly fetchPackageMetaData   code: 128,
246 silly fetchPackageMetaData   signal: null,
246 silly fetchPackageMetaData   cmd: 'git clone --template=/Users/kd_jiang/.npm/_git-remotes/_templates --mirror git@github.com:nytpi/scaffolding.git /Users/kd_jiang/.npm/_git-remotes/git-github-com-nytpi-scaffolding-git-v3-7-12-55a5ef26' }
247 silly rollbackFailedOptional Starting
248 silly rollbackFailedOptional Finishing
249 silly runTopLevelLifecycles Starting
250 silly runTopLevelLifecycles Finishing
251 silly install printInstalled
252 verbose stack Error: Command failed: git clone --template=/Users/kd_jiang/.npm/_git-remotes/_templates --mirror git@github.com:nytpi/scaffolding.git /Users/kd_jiang/.npm/_git-remotes/git-github-com-nytpi-scaffolding-git-v3-7-12-55a5ef26
252 verbose stack Cloning into bare repository '/Users/kd_jiang/.npm/_git-remotes/git-github-com-nytpi-scaffolding-git-v3-7-12-55a5ef26'...
252 verbose stack Permission denied (publickey).
252 verbose stack fatal: Could not read from remote repository.
252 verbose stack
252 verbose stack Please make sure you have the correct access rights
252 verbose stack and the repository exists.
252 verbose stack
252 verbose stack     at ChildProcess.exithandler (child_process.js:206:12)
252 verbose stack     at emitTwo (events.js:106:13)
252 verbose stack     at ChildProcess.emit (events.js:191:7)
252 verbose stack     at maybeClose (internal/child_process.js:877:16)
252 verbose stack     at Socket.<anonymous> (internal/child_process.js:334:11)
252 verbose stack     at emitOne (events.js:96:13)
252 verbose stack     at Socket.emit (events.js:188:7)
252 verbose stack     at Pipe._handle.close [as _onclose] (net.js:493:12)
253 verbose cwd /Users/kd_jiang/Downloads/cartier_a-classic-landmark-master
254 error Darwin 15.6.0
255 error argv "/usr/local/bin/node" "/usr/local/bin/npm" "install"
256 error node v6.7.0
257 error npm  v3.10.3
258 error code 128
259 error Command failed: git clone --template=/Users/kd_jiang/.npm/_git-remotes/_templates --mirror git@github.com:nytpi/scaffolding.git /Users/kd_jiang/.npm/_git-remotes/git-github-com-nytpi-scaffolding-git-v3-7-12-55a5ef26
259 error Cloning into bare repository '/Users/kd_jiang/.npm/_git-remotes/git-github-com-nytpi-scaffolding-git-v3-7-12-55a5ef26'...
259 error Permission denied (publickey).
259 error fatal: Could not read from remote repository.
259 error
259 error Please make sure you have the correct access rights
259 error and the repository exists.
260 error If you need help, you may report this error at:
260 error     <https://github.com/npm/npm/issues>
261 verbose exit [ 1, true ]
